<?xml version="1.0" encoding="UTF-8"?>
<!-- Generated by org.testng.reporters.JUnitXMLReporter -->
<testsuite hostname="LAPTOP-DQDU3SMA" ignored="4" name="APIAutomation" tests="24" failures="3" timestamp="2021-10-11T07:09:44 PDT" time="233.97" errors="0">
  <testcase name="generateToken" time="18.91" classname="ApiAutomation.CreateProjectTest"/>
  <testcase name="createProjectTest_negativeTest" time="2.826" classname="ApiAutomation.CreateProjectTest"/>
  <testcase name="createProjectTest" time="15.737" classname="ApiAutomation.CreateProjectTest"/>
  <testcase name="generateToken" time="13.068" classname="ApiAutomation.CreateArtifact"/>
  <testcase name="getArtifactTypeStatus" time="1.948" classname="ApiAutomation.CreateArtifact"/>
  <testcase name="generateToken" time="13.098" classname="ApiAutomation.AttributeTest"/>
  <testcase name="createArtifact" time="1.878" classname="ApiAutomation.CreateArtifact"/>
  <testcase name="createAttribute" time="1.907" classname="ApiAutomation.AttributeTest"/>
  <testcase name="createAttributeNegativeTest" time="1.969" classname="ApiAutomation.AttributeTest">
    <failure type="java.lang.AssertionError" message="Response status code is equal to : 201 expected [201] but found [400]">
      <![CDATA[java.lang.AssertionError: Response status code is equal to : 201 expected [201] but found [400]
at helpers.CommonMethods.validateResponseStatusCode(CommonMethods.java:31)
at ApiAutomation.AttributeTest.createAttributeNegativeTest(AttributeTest.java:57)
at java.util.concurrent.ThreadPoolExecutor.runWorker(ThreadPoolExecutor.java:1160)
at java.util.concurrent.ThreadPoolExecutor$Worker.run(ThreadPoolExecutor.java:635)
at java.lang.Thread.run(Thread.java:822)
... Removed 17 stack frames]]>
    </failure>
  </testcase> <!-- createAttributeNegativeTest -->
  <testcase name="createProject_Iteration" time="23.019" classname="ApiAutomation.CreateProjectTest"/>
  <testcase name="createProject_Iteration_negativeTest" time="23.134" classname="ApiAutomation.CreateProjectTest"/>
  <testcase name="createProject_ElecSignature" time="22.973" classname="ApiAutomation.CreateProjectTest"/>
  <testcase name="createProject_Get" time="5.025" classname="ApiAutomation.CreateProjectTest"/>
  <testcase name="createProject_Roles_negativeTest" time="9.094" classname="ApiAutomation.CreateProjectTest"/>
  <testcase name="updateProjectName" time="29.91" classname="ApiAutomation.CreateProjectTest"/>
  <testcase name="modifyAttribute" time="1.916" classname="ApiAutomation.AttributeTest"/>
  <testcase name="getAttributeType" time="1.949" classname="ApiAutomation.AttributeTest"/>
  <testcase name="deleteAttributeType" time="1.938" classname="ApiAutomation.AttributeTest"/>
  <testcase name="modifyAttributeNegativeTest" time="0.045" classname="ApiAutomation.AttributeTest">
    <failure type="java.lang.RuntimeException" message="error while creating   modifyAttribute response.">
      <![CDATA[java.lang.RuntimeException: error while creating   modifyAttribute response.
at ComponentFile.AttributeComponent.modifyAttribute(AttributeComponent.java:62)
at ApiAutomation.AttributeTest.modifyAttributeNegativeTest(AttributeTest.java:80)
at java.util.concurrent.ThreadPoolExecutor.runWorker(ThreadPoolExecutor.java:1160)
at java.util.concurrent.ThreadPoolExecutor$Worker.run(ThreadPoolExecutor.java:635)
at java.lang.Thread.run(Thread.java:822)
Caused by: java.lang.IllegalArgumentException: Don't know how to encode <rdf:RDF
xmlns:rdf="http://www.w3.org/1999/02/22-rdf-syntax-ns#"
xmlns:rm="http://www.ibm.com/xmlns/rdm/rdf/"
xmlns:dc="http://purl.org/dc/elements/1.1/"
xmlns:dcterms="http://purl.org/dc/terms/"
xmlns:jfs="http://jazz.net/xmlns/foundation/1.0/"
xmlns:xs="http://www.w3.org/2001/XMLSchema#"
xmlns:owl="http://www.w3.org/2002/07/owl#"
xmlns:h="http://www.w3.org/TR/REC-html40">
<rm:ObjectType rdf:about=""><dcterms:title>modifyeepAttribute</dcterms:title>
<dcterms:description></dcterms:description>
<rm:hasAttribute rdf:resource="http://www.ibm.com/xmlns/rdm/types/ArtifactFormat"/>
<rm:hasAttribute rdf:resource="http://www.ibm.com/xmlns/rdm/types/PrimaryText"/>
<rm:hasSystemAttribute rdf:resource="http://purl.org/dc/terms/creator"/>
<rm:hasSystemAttribute rdf:resource="http://purl.org/dc/terms/contributor"/>
<rm:hasSystemAttribute rdf:resource="http://purl.org/dc/terms/identifier"/>
<rm:hasAttribute rdf:resource="http://purl.org/dc/terms/title"/>
<rm:hasAttribute rdf:resource="http://purl.org/dc/terms/description"/>
<rm:hasSystemAttribute rdf:resource="http://purl.org/dc/terms/modified"/>
<rm:hasSystemAttribute rdf:resource="http://purl.org/dc/terms/created"/>
<rm:attributeOrdering></rm:attributeOrdering>
<rm:defaultFormat rdf:resource="http://www.ibm.com/xmlns/rdm/types/ArtifactFormats#Text"/>
<rm:inCreationMenu>true</rm:inCreationMenu>
</rm:ObjectType>
</rdf:RDF> as a byte stream.

Please use EncoderConfig (EncoderConfig#encodeContentTypeAs) to specify how to serialize data for this content-type.
For example: "given().config(RestAssured.config().encoderConfig(encoderConfig().encodeContentTypeAs("", ContentType.TEXT))). .."
at io.restassured.internal.http.EncoderRegistry.encodeStream(EncoderRegistry.java:132)
at groovy.lang.MetaMethod.doMethodInvoke(MetaMethod.java:323)
at groovy.lang.MetaClassImpl.invokeMethod(MetaClassImpl.java:1262)
at groovy.lang.MetaClassImpl.invokeMethodClosure(MetaClassImpl.java:1042)
at groovy.lang.MetaClassImpl.invokeMethod(MetaClassImpl.java:1136)
at groovy.lang.MetaClassImpl.invokeMethod(MetaClassImpl.java:1029)
at groovy.lang.Closure.call(Closure.java:412)
at io.restassured.internal.http.HTTPBuilder$RequestConfigDelegate.setBody(HTTPBuilder.java:1114)
at io.restassured.internal.http.HTTPBuilder$RequestConfigDelegate.setBody(HTTPBuilder.java:1096)
at groovy.lang.MetaMethod.doMethodInvoke(MetaMethod.java:323)
at groovy.lang.MetaClassImpl.setProperty(MetaClassImpl.java:2823)
at groovy.lang.MetaClassImpl.setProperty(MetaClassImpl.java:3835)
at org.codehaus.groovy.runtime.InvokerHelper.setProperty(InvokerHelper.java:219)
at groovy.lang.Closure.setPropertyTryThese(Closure.java:377)
at groovy.lang.Closure.setPropertyDelegateFirst(Closure.java:367)
at groovy.lang.Closure.setProperty(Closure.java:348)
at org.codehaus.groovy.runtime.ScriptBytecodeAdapter.setGroovyObjectProperty(ScriptBytecodeAdapter.java:544)
at io.restassured.internal.RequestSpecificationImpl$_sendHttpRequest_closure27.doCall(RequestSpecificationImpl.groovy:1457)
at groovy.lang.MetaMethod.doMethodInvoke(MetaMethod.java:323)
at org.codehaus.groovy.runtime.metaclass.ClosureMetaClass.invokeMethod(ClosureMetaClass.java:263)
at groovy.lang.MetaClassImpl.invokeMethod(MetaClassImpl.java:1029)
at groovy.lang.Closure.call(Closure.java:412)
at groovy.lang.Closure.call(Closure.java:428)
at io.restassured.internal.http.HTTPBuilder.doRequest(HTTPBuilder.java:493)
at io.restassured.internal.http.HTTPBuilder.request(HTTPBuilder.java:452)
at io.restassured.internal.http.HTTPBuilder$request$2.call(Unknown Source)
at io.restassured.internal.RequestSpecificationImpl.sendHttpRequest(RequestSpecificationImpl.groovy:1451)
at groovy.lang.MetaMethod.doMethodInvoke(MetaMethod.java:323)
at groovy.lang.MetaClassImpl.invokeMethod(MetaClassImpl.java:1262)
at groovy.lang.MetaClassImpl.invokeMethod(MetaClassImpl.java:1029)
at groovy.lang.MetaClassImpl.invokeMethod(MetaClassImpl.java:816)
at groovy.lang.GroovyObject.invokeMethod(GroovyObject.java:39)
at org.codehaus.groovy.runtime.callsite.PogoInterceptableSite.call(PogoInterceptableSite.java:45)
at org.codehaus.groovy.runtime.callsite.PogoInterceptableSite.callCurrent(PogoInterceptableSite.java:55)
at io.restassured.internal.RequestSpecificationImpl.sendRequest(RequestSpecificationImpl.groovy:1200)
at groovy.lang.MetaMethod.doMethodInvoke(MetaMethod.java:323)
at groovy.lang.MetaClassImpl.invokeMethod(MetaClassImpl.java:1262)
at groovy.lang.MetaClassImpl.invokeMethod(MetaClassImpl.java:1029)
at groovy.lang.MetaClassImpl.invokeMethod(MetaClassImpl.java:816)
at groovy.lang.GroovyObject.invokeMethod(GroovyObject.java:39)
at org.codehaus.groovy.runtime.callsite.PogoInterceptableSite.call(PogoInterceptableSite.java:45)
at org.codehaus.groovy.runtime.callsite.AbstractCallSite.call(AbstractCallSite.java:166)
at io.restassured.internal.filter.SendRequestFilter.filter(SendRequestFilter.groovy:30)
at io.restassured.filter.Filter$filter$0.call(Unknown Source)
at org.codehaus.groovy.runtime.callsite.CallSiteArray.defaultCall(CallSiteArray.java:47)
at io.restassured.filter.Filter$filter.call(Unknown Source)
at io.restassured.internal.filter.FilterContextImpl.next(FilterContextImpl.groovy:72)
at io.restassured.filter.time.TimingFilter.filter(TimingFilter.java:56)
at io.restassured.filter.Filter$filter.call(Unknown Source)
at org.codehaus.groovy.runtime.callsite.CallSiteArray.defaultCall(CallSiteArray.java:47)
at io.restassured.filter.Filter$filter.call(Unknown Source)
at io.restassured.internal.filter.FilterContextImpl.next(FilterContextImpl.groovy:72)
at io.restassured.filter.log.RequestLoggingFilter.filter(RequestLoggingFilter.java:140)
at io.restassured.filter.Filter$filter.call(Unknown Source)
at org.codehaus.groovy.runtime.callsite.CallSiteArray.defaultCall(CallSiteArray.java:47)
at io.restassured.filter.Filter$filter$0.call(Unknown Source)
at io.restassured.internal.filter.FilterContextImpl.next(FilterContextImpl.groovy:72)
at io.restassured.filter.FilterContext$next.call(Unknown Source)
at io.restassured.internal.RequestSpecificationImpl.applyPathParamsAndSendRequest(RequestSpecificationImpl.groovy:1655)
at groovy.lang.MetaMethod.doMethodInvoke(MetaMethod.java:323)
at groovy.lang.MetaClassImpl.invokeMethod(MetaClassImpl.java:1262)
at groovy.lang.MetaClassImpl.invokeMethod(MetaClassImpl.java:1029)
at groovy.lang.MetaClassImpl.invokeMethod(MetaClassImpl.java:816)
at groovy.lang.GroovyObject.invokeMethod(GroovyObject.java:39)
at org.codehaus.groovy.runtime.callsite.PogoInterceptableSite.call(PogoInterceptableSite.java:45)
at org.codehaus.groovy.runtime.callsite.PogoInterceptableSite.callCurrent(PogoInterceptableSite.java:55)
at org.codehaus.groovy.runtime.callsite.AbstractCallSite.callCurrent(AbstractCallSite.java:203)
at io.restassured.internal.RequestSpecificationImpl.applyPathParamsAndSendRequest(RequestSpecificationImpl.groovy:1661)
at groovy.lang.MetaMethod.doMethodInvoke(MetaMethod.java:323)
at groovy.lang.MetaClassImpl.invokeMethod(MetaClassImpl.java:1262)
at groovy.lang.MetaClassImpl.invokeMethod(MetaClassImpl.java:1029)
at groovy.lang.MetaClassImpl.invokeMethod(MetaClassImpl.java:816)
at groovy.lang.GroovyObject.invokeMethod(GroovyObject.java:39)
at org.codehaus.groovy.runtime.callsite.PogoInterceptableSite.call(PogoInterceptableSite.java:45)
at org.codehaus.groovy.runtime.callsite.PogoInterceptableSite.callCurrent(PogoInterceptableSite.java:55)
at org.codehaus.groovy.runtime.callsite.AbstractCallSite.callCurrent(AbstractCallSite.java:203)
at io.restassured.internal.RequestSpecificationImpl.put(RequestSpecificationImpl.groovy:179)
at io.restassured.internal.RequestSpecificationImpl.put(RequestSpecificationImpl.groovy)
at helpers.RestUtil.putByJson(RestUtil.java:33)
at ComponentFile.AttributeComponent.modifyAttribute(AttributeComponent.java:56)
... 16 more
... Removed 44 stack frames]]>
    </failure>
  </testcase> <!-- modifyAttributeNegativeTest -->
  <testcase name="createProject_ElecSignature_negativeTest" time="23.051" classname="ApiAutomation.CreateProjectTest"/>
  <testcase name="createProject_Roles" time="8.861" classname="ApiAutomation.CreateProjectTest"/>
  <testcase name="modifyArtifactType" time="1.883" classname="ApiAutomation.CreateArtifact"/>
  <testcase name="deleteArtifactType" time="1.954" classname="ApiAutomation.CreateArtifact"/>
  <testcase name="modifyArtifactTypeNegativeTest" time="1.795" classname="ApiAutomation.CreateArtifact">
    <failure type="java.lang.AssertionError" message="Response status code is equal to : 200 expected [200] but found [404]">
      <![CDATA[java.lang.AssertionError: Response status code is equal to : 200 expected [200] but found [404]
at helpers.CommonMethods.validateResponseStatusCode(CommonMethods.java:31)
at ApiAutomation.CreateArtifact.modifyArtifactTypeNegativeTest(CreateArtifact.java:73)
at java.util.concurrent.ThreadPoolExecutor.runWorker(ThreadPoolExecutor.java:1160)
at java.util.concurrent.ThreadPoolExecutor$Worker.run(ThreadPoolExecutor.java:635)
at java.lang.Thread.run(Thread.java:822)
... Removed 17 stack frames]]>
    </failure>
  </testcase> <!-- modifyArtifactTypeNegativeTest -->
  <testcase name="@BeforeSuite beforeSetUp" time="0.0" classname="base.SetUp">
    <ignored/>
  </testcase> <!-- @BeforeSuite beforeSetUp -->
  <testcase name="@BeforeSuite beforeSetUp" time="0.0" classname="base.SetUp">
    <ignored/>
  </testcase> <!-- @BeforeSuite beforeSetUp -->
  <testcase name="@AfterSuite cleanUp" time="0.0" classname="base.SetUp">
    <ignored/>
  </testcase> <!-- @AfterSuite cleanUp -->
  <testcase name="@AfterSuite cleanUp" time="0.0" classname="base.SetUp">
    <ignored/>
  </testcase> <!-- @AfterSuite cleanUp -->
</testsuite> <!-- APIAutomation -->
